<?xml version="1.0" encoding="UTF-8"?>
<!-- Generated by org.testng.reporters.JUnitReportReporter -->
<testsuite skipped="0" hostname="DESKTOP-3RPF1VE" name="tests.ProfileTest" tests="2" failures="0" timestamp="2021-10-12T22:59:23 CEST" time="29.193" errors="0">
  <testcase name="editProfileTest" time="16.803" classname="tests.ProfileTest"/>
  <system-out/>
  <testcase name="changeProfileImageTest" time="12.390" classname="tests.ProfileTest"/>
  <system-out/>
</testsuite> <!-- tests.ProfileTest -->
