<?xml version="1.0" encoding="UTF-8"?>
<!-- Generated by org.testng.reporters.JUnitReportReporter -->
<testsuite skipped="0" hostname="DESKTOP-3RPF1VE" name="tests.MealItemTest" tests="1" failures="0" timestamp="2021-10-16T00:12:49 CEST" time="24.852" errors="0">
  <testcase name="clearCartTest" time="24.852" classname="tests.MealItemTest"/>
  <system-out/>
</testsuite> <!-- tests.MealItemTest -->
